Determining if the pthread_create exist failed with the following output:
Change Dir: /home/yudong/CLionProjects/FirstTest/cmake-build-debug/CMakeFiles/CMakeTmp

Run Build Command:"/usr/bin/make" "cmTC_62892/fast"
/usr/bin/make -f CMakeFiles/cmTC_62892.dir/build.make CMakeFiles/cmTC_62892.dir/build
make[1]: Entering directory '/home/yudong/CLionProjects/FirstTest/cmake-build-debug/CMakeFiles/CMakeTmp'
Building C object CMakeFiles/cmTC_62892.dir/CheckSymbolExists.c.o
/usr/bin/cc    -o CMakeFiles/cmTC_62892.dir/CheckSymbolExists.c.o   -c /home/yudong/CLionProjects/FirstTest/cmake-build-debug/CMakeFiles/CMakeTmp/CheckSymbolExists.c
Linking C executable cmTC_62892
/opt/clion-2018.2.5/bin/cmake/linux/bin/cmake -E cmake_link_script CMakeFiles/cmTC_62892.dir/link.txt --verbose=1
/usr/bin/cc      CMakeFiles/cmTC_62892.dir/CheckSymbolExists.c.o  -o cmTC_62892 
CMakeFiles/cmTC_62892.dir/CheckSymbolExists.c.o: In function `main':
CheckSymbolExists.c:(.text+0x16): undefined reference to `pthread_create'
collect2: error: ld returned 1 exit status
CMakeFiles/cmTC_62892.dir/build.make:86: recipe for target 'cmTC_62892' failed
make[1]: *** [cmTC_62892] Error 1
make[1]: Leaving directory '/home/yudong/CLionProjects/FirstTest/cmake-build-debug/CMakeFiles/CMakeTmp'
Makefile:121: recipe for target 'cmTC_62892/fast' failed
make: *** [cmTC_62892/fast] Error 2

File /home/yudong/CLionProjects/FirstTest/cmake-build-debug/CMakeFiles/CMakeTmp/CheckSymbolExists.c:
/* */
#include <pthread.h>

int main(int argc, char** argv)
{
  (void)argv;
#ifndef pthread_create
  return ((int*)(&pthread_create))[argc];
#else
  (void)argc;
  return 0;
#endif
}

Determining if the function pthread_create exists in the pthreads failed with the following output:
Change Dir: /home/yudong/CLionProjects/FirstTest/cmake-build-debug/CMakeFiles/CMakeTmp

Run Build Command:"/usr/bin/make" "cmTC_47e73/fast"
/usr/bin/make -f CMakeFiles/cmTC_47e73.dir/build.make CMakeFiles/cmTC_47e73.dir/build
make[1]: Entering directory '/home/yudong/CLionProjects/FirstTest/cmake-build-debug/CMakeFiles/CMakeTmp'
Building C object CMakeFiles/cmTC_47e73.dir/CheckFunctionExists.c.o
/usr/bin/cc   -DCHECK_FUNCTION_EXISTS=pthread_create   -o CMakeFiles/cmTC_47e73.dir/CheckFunctionExists.c.o   -c /opt/clion-2018.2.5/bin/cmake/linux/share/cmake-3.12/Modules/CheckFunctionExists.c
Linking C executable cmTC_47e73
/opt/clion-2018.2.5/bin/cmake/linux/bin/cmake -E cmake_link_script CMakeFiles/cmTC_47e73.dir/link.txt --verbose=1
/usr/bin/cc  -DCHECK_FUNCTION_EXISTS=pthread_create    CMakeFiles/cmTC_47e73.dir/CheckFunctionExists.c.o  -o cmTC_47e73 -lpthreads 
/usr/bin/ld: cannot find -lpthreads
collect2: error: ld returned 1 exit status
CMakeFiles/cmTC_47e73.dir/build.make:86: recipe for target 'cmTC_47e73' failed
make[1]: *** [cmTC_47e73] Error 1
make[1]: Leaving directory '/home/yudong/CLionProjects/FirstTest/cmake-build-debug/CMakeFiles/CMakeTmp'
Makefile:121: recipe for target 'cmTC_47e73/fast' failed
make: *** [cmTC_47e73/fast] Error 2


